<?xml version="1.0" encoding="UTF-8"?>
<!-- Generated by org.testng.reporters.JUnitReportReporter -->
<testsuite hostname="LAPTOP-NQQ5MGTR" failures="0" tests="3" name="packageForTest.AutomationSwagLabs.SwagLabsFrameworkTest" time="20.753" errors="0" timestamp="2025-05-21T00:53:09 IST" skipped="0">
  <testcase classname="packageForTest.AutomationSwagLabs.SwagLabsFrameworkTest" name="purchaseSauceLabs" time="10.007"/>
  <testcase classname="packageForTest.AutomationSwagLabs.SwagLabsFrameworkTest" name="checkLogin" time="5.296"/>
  <testcase classname="packageForTest.AutomationSwagLabs.SwagLabsFrameworkTest" name="regressionTest" time="5.450"/>
</testsuite> <!-- packageForTest.AutomationSwagLabs.SwagLabsFrameworkTest -->
