<?xml version="1.0" encoding="UTF-8"?>
<!-- Generated by org.testng.reporters.JUnitReportReporter -->
<testsuite hostname="LAPTOP-NQQ5MGTR" failures="0" tests="1" name="packageForTest.AutomationSwagLabs.SwagLabsStandaloneTest" time="9.292" errors="0" timestamp="2025-05-20T01:40:02 IST" skipped="0">
  <testcase classname="packageForTest.AutomationSwagLabs.SwagLabsStandaloneTest" name="purchaseSauceLabs" time="9.292"/>
</testsuite> <!-- packageForTest.AutomationSwagLabs.SwagLabsStandaloneTest -->
